<?xml version="1.0" encoding="UTF-8"?>
<!-- Generated by org.testng.reporters.JUnitReportReporter -->
<testsuite hostname="Mainullaptop" failures="0" tests="2" name="com.TestNG.practice.PracticeAssertions" time="0.011" errors="0" timestamp="2023-11-02T01:29:26 EDT" skipped="0">
  <testcase classname="com.TestNG.practice.PracticeAssertions" name="getSum" time="0.009"/>
  <testcase classname="com.TestNG.practice.PracticeAssertions" name="getMultily" time="0.002"/>
</testsuite> <!-- com.TestNG.practice.PracticeAssertions -->
