<?xml version="1.0" encoding="UTF-8"?>
<!-- Generated by org.testng.reporters.JUnitReportReporter -->
<testsuite hostname="Mainullaptop" failures="0" tests="1" name="com.TestNG.practice.ParameterTestNG" time="0.007" errors="0" timestamp="2023-10-31T02:16:05 EDT" skipped="0">
  <testcase classname="com.TestNG.practice.ParameterTestNG" name="parameter" time="0.007"/>
</testsuite> <!-- com.TestNG.practice.ParameterTestNG -->
