<?xml version="1.0" encoding="UTF-8"?>
<!-- Generated by org.testng.reporters.JUnitReportReporter -->
<testsuite hostname="Mainullaptop" failures="0" tests="1" name="com.TestNG.practice.FirstClass" time="8.618" errors="0" timestamp="2023-11-02T04:50:23 EDT" skipped="0">
  <testcase classname="com.TestNG.practice.FirstClass" name="getmouseHover" time="8.618"/>
</testsuite> <!-- com.TestNG.practice.FirstClass -->
