<?xml version="1.0" encoding="UTF-8"?>
<!-- Generated by org.testng.reporters.JUnitReportReporter -->
<testsuite hostname="Mainullaptop" failures="0" tests="9" name="com.TestNG.practice.PracticeTestNGMethods" time="0.013" errors="0" timestamp="2023-11-02T02:20:15 EDT" skipped="1">
  <testcase classname="com.TestNG.practice.PracticeTestNGMethods" name="login" time="0.000"/>
  <testcase classname="com.TestNG.practice.PracticeTestNGMethods" name="login" time="0.001"/>
  <testcase classname="com.TestNG.practice.PracticeTestNGMethods" name="login" time="0.002"/>
  <testcase classname="com.TestNG.practice.PracticeTestNGMethods" name="login" time="0.007"/>
  <testcase classname="com.TestNG.practice.PracticeTestNGMethods" name="login" time="0.001"/>
  <testcase classname="com.TestNG.practice.PracticeTestNGMethods" name="dress" time="0.000"/>
  <testcase classname="com.TestNG.practice.PracticeTestNGMethods" name="cart" time="0.001"/>
  <testcase classname="com.TestNG.practice.PracticeTestNGMethods" name="placeOrder" time="0.001"/>
  <testcase classname="com.TestNG.practice.PracticeTestNGMethods" name="payment">
    <skipped/>
  </testcase> <!-- payment -->
</testsuite> <!-- com.TestNG.practice.PracticeTestNGMethods -->
