<?xml version="1.0" encoding="UTF-8"?>
<!-- Generated by org.testng.reporters.JUnitReportReporter -->
<testsuite hostname="Mainullaptop" failures="0" tests="1" name="com.TestNG.practice.SecondClass" time="22.457" errors="0" timestamp="2023-11-02T04:29:17 EDT" skipped="0">
  <testcase classname="com.TestNG.practice.SecondClass" name="getLogIn" time="22.457"/>
</testsuite> <!-- com.TestNG.practice.SecondClass -->
