<?xml version="1.0" encoding="UTF-8"?>
<!-- Generated by org.testng.reporters.JUnitReportReporter -->
<testsuite hostname="Mainullaptop" failures="0" tests="1" name="com.TestNG.practice.CrossBrowserTestNG" time="7.084" errors="0" timestamp="2023-11-02T01:13:47 EDT" skipped="0">
  <testcase classname="com.TestNG.practice.CrossBrowserTestNG" name="crossbrowserCostco" time="7.084"/>
</testsuite> <!-- com.TestNG.practice.CrossBrowserTestNG -->
